Arguments: 
  C:\Program Files\node.exe C:\Program Files (x86)\Yarn\bin\yarn.js add @fortawesome/react-fontawesome

PATH: 
  C:\WINDOWS\system32;C:\WINDOWS;C:\WINDOWS\System32\Wbem;C:\WINDOWS\System32\WindowsPowerShell\v1.0\;C:\WINDOWS\System32\OpenSSH\;C:\Program Files\Git\cmd;C:\Program Files (x86)\Yarn\bin\;C:\Program Files\Pandoc\;C:\Program Files\;C:\Users\VALTECH-COMPUTERS\AppData\Local\Programs\Python\Python310\Scripts\;C:\Users\VALTECH-COMPUTERS\AppData\Local\Programs\Python\Python310\;C:\Users\VALTECH-COMPUTERS\AppData\Local\Microsoft\WindowsApps;C:\Users\VALTECH-COMPUTERS\AppData\Local\Yarn\bin;C:\Users\VALTECH-COMPUTERS\Downloads\scrcpy-win32-v1.3\scrcpy-win32;C:\Users\VALTECH-COMPUTERS\AppData\Local\Programs\Microsoft VS Code\bin;C:\Program Files\JetBrains\PyCharm Community Edition 2021.2.2\bin;;C:\Users\VALTECH-COMPUTERS\AppData\Roaming\npm

Yarn version: 
  1.22.5

Node version: 
  16.14.0

Platform: 
  win32 x64

Trace: 
  Error: read ECONNRESET
      at TLSWrap.onStreamRead (node:internal/stream_base_commons:217:20)

npm manifest: 
  {
    "name": "full-time-recipe-app",
    "version": "0.1.0",
    "private": true,
    "dependencies": {
      "@fortawesome/fontawesome-svg-core": "^6.1.2",
      "@fortawesome/free-brands-svg-icons": "^6.1.2",
      "@fortawesome/free-solid-svg-icons": "^6.1.2",
      "@testing-library/jest-dom": "^5.16.5",
      "@testing-library/react": "^13.3.0",
      "@testing-library/user-event": "^13.5.0",
      "react": "^18.2.0",
      "react-dom": "^18.2.0",
      "react-router-dom": "^6.3.0",
      "react-scripts": "5.0.1",
      "sass": "^1.54.5",
      "web-vitals": "^2.1.4"
    },
    "scripts": {
      "start": "react-scripts start",
      "build": "react-scripts build",
      "test": "react-scripts test",
      "eject": "react-scripts eject"
    },
    "eslintConfig": {
      "extends": [
        "react-app",
        "react-app/jest"
      ]
    },
    "browserslist": {
      "production": [
        ">0.2%",
        "not dead",
        "not op_mini all"
      ],
      "development": [
        "last 1 chrome version",
        "last 1 firefox version",
        "last 1 safari version"
      ]
    }
  }

yarn manifest: 
  No manifest

Lockfile: 
  No lockfile
